Performing C SOURCE FILE Test CMAKE_HAVE_LIBC_PTHREAD failed with the following output:
Change Dir: /home/gxf/catkin_ws_slam/src/liblanelet/build/CMakeFiles/CMakeTmp

Run Build Command(s):/usr/bin/make cmTC_23e56/fast && /usr/bin/make  -f CMakeFiles/cmTC_23e56.dir/build.make CMakeFiles/cmTC_23e56.dir/build
make[1]: Entering directory '/home/gxf/catkin_ws_slam/src/liblanelet/build/CMakeFiles/CMakeTmp'
Building C object CMakeFiles/cmTC_23e56.dir/src.c.o
/usr/bin/cc   -Wall -Wno-long-long -msse -msse2 -ffunction-sections  -DCMAKE_HAVE_LIBC_PTHREAD -o CMakeFiles/cmTC_23e56.dir/src.c.o -c /home/gxf/catkin_ws_slam/src/liblanelet/build/CMakeFiles/CMakeTmp/src.c
Linking C executable cmTC_23e56
/home/gxf/.local/lib/python2.7/site-packages/cmake/data/bin/cmake -E cmake_link_script CMakeFiles/cmTC_23e56.dir/link.txt --verbose=1
/usr/bin/cc   -Wall -Wno-long-long -msse -msse2 -ffunction-sections  -DCMAKE_HAVE_LIBC_PTHREAD -rdynamic CMakeFiles/cmTC_23e56.dir/src.c.o -o cmTC_23e56 
CMakeFiles/cmTC_23e56.dir/src.c.o：在函数‘main’中：
src.c:(.text.main+0x2e)：对‘pthread_create’未定义的引用
src.c:(.text.main+0x3a)：对‘pthread_detach’未定义的引用
src.c:(.text.main+0x46)：对‘pthread_cancel’未定义的引用
src.c:(.text.main+0x57)：对‘pthread_join’未定义的引用
src.c:(.text.main+0x6b)：对‘pthread_atfork’未定义的引用
collect2: error: ld returned 1 exit status
CMakeFiles/cmTC_23e56.dir/build.make:105: recipe for target 'cmTC_23e56' failed
make[1]: *** [cmTC_23e56] Error 1
make[1]: Leaving directory '/home/gxf/catkin_ws_slam/src/liblanelet/build/CMakeFiles/CMakeTmp'
Makefile:140: recipe for target 'cmTC_23e56/fast' failed
make: *** [cmTC_23e56/fast] Error 2


Source file was:
#include <pthread.h>

void* test_func(void* data)
{
  return data;
}

int main(void)
{
  pthread_t thread;
  pthread_create(&thread, NULL, test_func, NULL);
  pthread_detach(thread);
  pthread_cancel(thread);
  pthread_join(thread, NULL);
  pthread_atfork(NULL, NULL, NULL);
  pthread_exit(NULL);

  return 0;
}

Determining if the function pthread_create exists in the pthreads failed with the following output:
Change Dir: /home/gxf/catkin_ws_slam/src/liblanelet/build/CMakeFiles/CMakeTmp

Run Build Command(s):/usr/bin/make cmTC_f1688/fast && /usr/bin/make  -f CMakeFiles/cmTC_f1688.dir/build.make CMakeFiles/cmTC_f1688.dir/build
make[1]: Entering directory '/home/gxf/catkin_ws_slam/src/liblanelet/build/CMakeFiles/CMakeTmp'
Building C object CMakeFiles/cmTC_f1688.dir/CheckFunctionExists.c.o
/usr/bin/cc   -Wall -Wno-long-long -msse -msse2 -ffunction-sections  -DCHECK_FUNCTION_EXISTS=pthread_create -o CMakeFiles/cmTC_f1688.dir/CheckFunctionExists.c.o -c /home/gxf/.local/lib/python2.7/site-packages/cmake/data/share/cmake-3.18/Modules/CheckFunctionExists.c
Linking C executable cmTC_f1688
/home/gxf/.local/lib/python2.7/site-packages/cmake/data/bin/cmake -E cmake_link_script CMakeFiles/cmTC_f1688.dir/link.txt --verbose=1
/usr/bin/cc   -Wall -Wno-long-long -msse -msse2 -ffunction-sections  -DCHECK_FUNCTION_EXISTS=pthread_create -rdynamic CMakeFiles/cmTC_f1688.dir/CheckFunctionExists.c.o -o cmTC_f1688  -lpthreads 
/usr/bin/ld: 找不到 -lpthreads
collect2: error: ld returned 1 exit status
CMakeFiles/cmTC_f1688.dir/build.make:105: recipe for target 'cmTC_f1688' failed
make[1]: *** [cmTC_f1688] Error 1
make[1]: Leaving directory '/home/gxf/catkin_ws_slam/src/liblanelet/build/CMakeFiles/CMakeTmp'
Makefile:140: recipe for target 'cmTC_f1688/fast' failed
make: *** [cmTC_f1688/fast] Error 2



Determining if the Q_WS_WIN exist failed with the following output:
Change Dir: /home/gxf/catkin_ws_slam/src/liblanelet/build/CMakeFiles/CMakeTmp

Run Build Command(s):/usr/bin/make cmTC_e1dbe/fast && /usr/bin/make  -f CMakeFiles/cmTC_e1dbe.dir/build.make CMakeFiles/cmTC_e1dbe.dir/build
make[1]: Entering directory '/home/gxf/catkin_ws_slam/src/liblanelet/build/CMakeFiles/CMakeTmp'
Building CXX object CMakeFiles/cmTC_e1dbe.dir/CheckSymbolExists.cxx.o
/usr/bin/c++  -I/usr/include/qt4 -Wall -Wno-long-long -msse -msse2 -ffunction-sections   -o CMakeFiles/cmTC_e1dbe.dir/CheckSymbolExists.cxx.o -c /home/gxf/catkin_ws_slam/src/liblanelet/build/CMakeFiles/CMakeTmp/CheckSymbolExists.cxx
/home/gxf/catkin_ws_slam/src/liblanelet/build/CMakeFiles/CMakeTmp/CheckSymbolExists.cxx: In function ‘int main(int, char**)’:
/home/gxf/catkin_ws_slam/src/liblanelet/build/CMakeFiles/CMakeTmp/CheckSymbolExists.cxx:8:19: error: ‘Q_WS_WIN’ was not declared in this scope
   return ((int*)(&Q_WS_WIN))[argc];
                   ^
CMakeFiles/cmTC_e1dbe.dir/build.make:84: recipe for target 'CMakeFiles/cmTC_e1dbe.dir/CheckSymbolExists.cxx.o' failed
make[1]: *** [CMakeFiles/cmTC_e1dbe.dir/CheckSymbolExists.cxx.o] Error 1
make[1]: Leaving directory '/home/gxf/catkin_ws_slam/src/liblanelet/build/CMakeFiles/CMakeTmp'
Makefile:140: recipe for target 'cmTC_e1dbe/fast' failed
make: *** [cmTC_e1dbe/fast] Error 2


File /home/gxf/catkin_ws_slam/src/liblanelet/build/CMakeFiles/CMakeTmp/CheckSymbolExists.cxx:
/* */
#include <QtCore/qglobal.h>

int main(int argc, char** argv)
{
  (void)argv;
#ifndef Q_WS_WIN
  return ((int*)(&Q_WS_WIN))[argc];
#else
  (void)argc;
  return 0;
#endif
}
Determining if the Q_WS_QWS exist failed with the following output:
Change Dir: /home/gxf/catkin_ws_slam/src/liblanelet/build/CMakeFiles/CMakeTmp

Run Build Command(s):/usr/bin/make cmTC_701a1/fast && /usr/bin/make  -f CMakeFiles/cmTC_701a1.dir/build.make CMakeFiles/cmTC_701a1.dir/build
make[1]: Entering directory '/home/gxf/catkin_ws_slam/src/liblanelet/build/CMakeFiles/CMakeTmp'
Building CXX object CMakeFiles/cmTC_701a1.dir/CheckSymbolExists.cxx.o
/usr/bin/c++  -I/usr/include/qt4 -Wall -Wno-long-long -msse -msse2 -ffunction-sections   -o CMakeFiles/cmTC_701a1.dir/CheckSymbolExists.cxx.o -c /home/gxf/catkin_ws_slam/src/liblanelet/build/CMakeFiles/CMakeTmp/CheckSymbolExists.cxx
/home/gxf/catkin_ws_slam/src/liblanelet/build/CMakeFiles/CMakeTmp/CheckSymbolExists.cxx: In function ‘int main(int, char**)’:
/home/gxf/catkin_ws_slam/src/liblanelet/build/CMakeFiles/CMakeTmp/CheckSymbolExists.cxx:8:19: error: ‘Q_WS_QWS’ was not declared in this scope
   return ((int*)(&Q_WS_QWS))[argc];
                   ^
CMakeFiles/cmTC_701a1.dir/build.make:84: recipe for target 'CMakeFiles/cmTC_701a1.dir/CheckSymbolExists.cxx.o' failed
make[1]: *** [CMakeFiles/cmTC_701a1.dir/CheckSymbolExists.cxx.o] Error 1
make[1]: Leaving directory '/home/gxf/catkin_ws_slam/src/liblanelet/build/CMakeFiles/CMakeTmp'
Makefile:140: recipe for target 'cmTC_701a1/fast' failed
make: *** [cmTC_701a1/fast] Error 2


File /home/gxf/catkin_ws_slam/src/liblanelet/build/CMakeFiles/CMakeTmp/CheckSymbolExists.cxx:
/* */
#include <QtCore/qglobal.h>

int main(int argc, char** argv)
{
  (void)argv;
#ifndef Q_WS_QWS
  return ((int*)(&Q_WS_QWS))[argc];
#else
  (void)argc;
  return 0;
#endif
}
Determining if the Q_WS_MAC exist failed with the following output:
Change Dir: /home/gxf/catkin_ws_slam/src/liblanelet/build/CMakeFiles/CMakeTmp

Run Build Command(s):/usr/bin/make cmTC_f0b23/fast && /usr/bin/make  -f CMakeFiles/cmTC_f0b23.dir/build.make CMakeFiles/cmTC_f0b23.dir/build
make[1]: Entering directory '/home/gxf/catkin_ws_slam/src/liblanelet/build/CMakeFiles/CMakeTmp'
Building CXX object CMakeFiles/cmTC_f0b23.dir/CheckSymbolExists.cxx.o
/usr/bin/c++  -I/usr/include/qt4 -Wall -Wno-long-long -msse -msse2 -ffunction-sections   -o CMakeFiles/cmTC_f0b23.dir/CheckSymbolExists.cxx.o -c /home/gxf/catkin_ws_slam/src/liblanelet/build/CMakeFiles/CMakeTmp/CheckSymbolExists.cxx
/home/gxf/catkin_ws_slam/src/liblanelet/build/CMakeFiles/CMakeTmp/CheckSymbolExists.cxx: In function ‘int main(int, char**)’:
/home/gxf/catkin_ws_slam/src/liblanelet/build/CMakeFiles/CMakeTmp/CheckSymbolExists.cxx:8:19: error: ‘Q_WS_MAC’ was not declared in this scope
   return ((int*)(&Q_WS_MAC))[argc];
                   ^
CMakeFiles/cmTC_f0b23.dir/build.make:84: recipe for target 'CMakeFiles/cmTC_f0b23.dir/CheckSymbolExists.cxx.o' failed
make[1]: *** [CMakeFiles/cmTC_f0b23.dir/CheckSymbolExists.cxx.o] Error 1
make[1]: Leaving directory '/home/gxf/catkin_ws_slam/src/liblanelet/build/CMakeFiles/CMakeTmp'
Makefile:140: recipe for target 'cmTC_f0b23/fast' failed
make: *** [cmTC_f0b23/fast] Error 2


File /home/gxf/catkin_ws_slam/src/liblanelet/build/CMakeFiles/CMakeTmp/CheckSymbolExists.cxx:
/* */
#include <QtCore/qglobal.h>

int main(int argc, char** argv)
{
  (void)argv;
#ifndef Q_WS_MAC
  return ((int*)(&Q_WS_MAC))[argc];
#else
  (void)argc;
  return 0;
#endif
}
